<?xml version="1.0" encoding="UTF-8"?>
<!-- Generated by org.testng.reporters.JUnitReportReporter -->
<testsuite hostname="iunas-MacBook-Air.local" failures="0" tests="1" name="iOSTest.AlertWindowCloseTest" time="6.705" errors="0" timestamp="2023-03-10T18:15:41 GET" skipped="0">
  <testcase classname="iOSTest.AlertWindowCloseTest" name="AlertWindowCloseTest" time="6.705"/>
  <system-out/>
</testsuite> <!-- iOSTest.AlertWindowCloseTest -->
