<?xml version="1.0" encoding="UTF-8"?>
<!-- Generated by org.testng.reporters.JUnitReportReporter -->
<testsuite hostname="iunas-MacBook-Air.local" failures="0" tests="1" name="androidTest.PhoneCallTest" time="8.020" errors="0" timestamp="2023-03-12T13:50:59 GET" skipped="0">
  <testcase classname="androidTest.PhoneCallTest" name="callTest" time="8.020"/>
  <system-out/>
</testsuite> <!-- androidTest.PhoneCallTest -->
