<?xml version="1.0" encoding="UTF-8"?>
<!-- Generated by org.testng.reporters.JUnitReportReporter -->
<testsuite hostname="iunas-MacBook-Air.local" failures="0" tests="1" name="androidTest.IdentifyButtons" time="8.309" errors="0" timestamp="2023-03-13T20:07:36 GET" skipped="0">
  <testcase classname="androidTest.IdentifyButtons" name="identificationTest" time="8.309"/>
  <system-out/>
</testsuite> <!-- androidTest.IdentifyButtons -->
