<?xml version="1.0" encoding="UTF-8"?>
<!-- Generated by org.testng.reporters.JUnitReportReporter -->
<testsuite hostname="iunas-MacBook-Air.local" failures="0" tests="1" name="iOSTest.IdentifyElements" time="15.972" errors="0" timestamp="2023-03-13T20:12:47 GET" skipped="0">
  <testcase classname="iOSTest.IdentifyElements" name="identifyElements" time="15.972"/>
  <system-out/>
</testsuite> <!-- iOSTest.IdentifyElements -->
