<?xml version="1.0" encoding="UTF-8"?>
<!-- Generated by org.testng.reporters.JUnitReportReporter -->
<testsuite hostname="iunas-MacBook-Air.local" failures="0" tests="1" name="iOSTest.InstallIOSAppOnSimulator" time="30.851" errors="0" timestamp="2023-03-13T20:12:17 GET" skipped="0">
  <testcase classname="iOSTest.InstallIOSAppOnSimulator" name="InstallApp" time="30.851"/>
  <system-out/>
</testsuite> <!-- iOSTest.InstallIOSAppOnSimulator -->
