<?xml version="1.0" encoding="UTF-8"?>
<!-- Generated by org.testng.reporters.JUnitReportReporter -->
<testsuite hostname="iunas-MacBook-Air.local" failures="0" tests="1" name="iOSTest.IdentifyElements" time="14.747" errors="0" timestamp="2023-03-10T17:45:45 GET" skipped="0">
  <testcase classname="iOSTest.IdentifyElements" name="identifyElements" time="14.747"/>
  <system-out/>
</testsuite> <!-- iOSTest.IdentifyElements -->
