<?xml version="1.0" encoding="UTF-8"?>
<!-- Generated by org.testng.reporters.JUnitReportReporter -->
<testsuite hostname="iunas-MacBook-Air.local" failures="0" tests="1" name="androidTest.Calculator" time="8.685" errors="0" timestamp="2023-03-13T20:07:56 GET" skipped="0">
  <testcase classname="androidTest.Calculator" name="calculationTest" time="8.685"/>
  <system-out/>
</testsuite> <!-- androidTest.Calculator -->
