<?xml version="1.0" encoding="UTF-8"?>
<!-- Generated by org.testng.reporters.JUnitReportReporter -->
<testsuite hostname="iunas-MacBook-Air.local" failures="0" tests="1" name="iOSTest.PickerViewsTest" time="7.780" errors="0" timestamp="2023-03-10T20:10:25 GET" skipped="0">
  <testcase classname="iOSTest.PickerViewsTest" name="PickerViewsTest" time="7.780"/>
  <system-out/>
</testsuite> <!-- iOSTest.PickerViewsTest -->
