<?xml version="1.0" encoding="UTF-8"?>
<!-- Generated by org.testng.reporters.JUnitReportReporter -->
<testsuite hostname="iunas-MacBook-Air.local" failures="0" tests="1" name="iOSTest.InstallIOSAppOnSimulator" time="28.988" errors="0" timestamp="2023-03-10T17:01:38 GET" skipped="0">
  <testcase classname="iOSTest.InstallIOSAppOnSimulator" name="InstallApp" time="28.988"/>
  <system-out/>
</testsuite> <!-- iOSTest.InstallIOSAppOnSimulator -->
