<?xml version="1.0" encoding="UTF-8"?>
<!-- Generated by org.testng.reporters.JUnitReportReporter -->
<testsuite hostname="iunas-MacBook-Air.local" failures="0" tests="1" name="iOSTest.PickerViewsTest" time="6.987" errors="0" timestamp="2023-03-13T20:13:22 GET" skipped="0">
  <testcase classname="iOSTest.PickerViewsTest" name="PickerViewTest" time="6.987"/>
  <system-out/>
</testsuite> <!-- iOSTest.PickerViewsTest -->
