<?xml version="1.0" encoding="UTF-8"?>
<!-- Generated by org.testng.reporters.JUnitReportReporter -->
<testsuite hostname="iunas-MacBook-Air.local" failures="0" tests="1" name="iOSTest.AlertWindowCloseTest" time="8.167" errors="0" timestamp="2023-03-13T20:13:05 GET" skipped="0">
  <testcase classname="iOSTest.AlertWindowCloseTest" name="AlertWindowCloseTestRun" time="8.167"/>
  <system-out/>
</testsuite> <!-- iOSTest.AlertWindowCloseTest -->
